#
# A fatal error has been detected by the Java Runtime Environment:
#
#  EXCEPTION_ACCESS_VIOLATION (0xc0000005) at pc=0x000002bc, pid=6124, tid=5716
#
# JRE version: 6.0_22-b04
# Java VM: Java HotSpot(TM) Client VM (17.1-b03 mixed mode, sharing windows-x86 )
# Problematic frame:
# C  0x000002bc
#
# If you would like to submit a bug report, please visit:
#   http://java.sun.com/webapps/bugreport/crash.jsp
# The crash happened outside the Java Virtual Machine in native code.
# See problematic frame for where to report the bug.
#

---------------  T H R E A D  ---------------

Current thread (0x019e9000):  JavaThread "main" [_thread_in_native, id=5716, stack(0x00340000,0x00390000)]

siginfo: ExceptionCode=0xc0000005, reading address 0x000002bc

Registers:
EAX=0x0038faf0, EBX=0x019e9118, ECX=0x0038fa94, EDX=0x0038faec
ESP=0x0038fa3c, EBP=0x00000001, ESI=0x06c1e590, EDI=0x019e9000
EIP=0x000002bc, EFLAGS=0x00010206

Top of Stack: (sp=0x0038fa3c)
0x0038fa3c:   6d064c04 019e9118 06c1e590 00000004
0x0038fa4c:   0038fa94 0038faf0 0038faec ff000000
0x0038fa5c:   019e9000 37cf31f0 387b7f20 0038fac8
0x0038fa6c:   01af9f47 019e9118 0038faf8 0038faf4
0x0038fa7c:   0038faf0 0038faec ff000000 00000011
0x0038fa8c:   00000027 0000023f 00000001 019e962c
0x0038fa9c:   019e9630 019e9638 0000001e 0038faa8
0x0038faac:   37cf31f0 0038faf8 387b7438 00000000 

Instructions: (pc=0x000002bc)
0x000002ac:   
[error occurred during error reporting (printing registers, top of stack, instructions near pc), id 0xc0000005]

Stack: [0x00340000,0x00390000],  sp=0x0038fa3c,  free space=13e0038eecck
Native frames: (J=compiled Java code, j=interpreted, Vv=VM code, C=native code)
C  0x000002bc

Java frames: (J=compiled Java code, j=interpreted, Vv=VM code)
j  sun.java2d.windows.GDIRenderer.doFillRect(Lsun/java2d/SurfaceData;Lsun/java2d/pipe/Region;Ljava/awt/Composite;IIIII)V+0
j  sun.java2d.windows.GDIRenderer.doFillSpans(Lsun/java2d/SunGraphics2D;Lsun/java2d/pipe/SpanIterator;)V+67
j  sun.java2d.windows.GDIRenderer.draw(Lsun/java2d/SunGraphics2D;Ljava/awt/Shape;)V+39
J  sun.java2d.pipe.ValidatePipe.draw(Lsun/java2d/SunGraphics2D;Ljava/awt/Shape;)V
J  sun.java2d.SunGraphics2D.draw(Ljava/awt/Shape;)V
J  ihm.GraphicView.drawGrid(Ljava/awt/Graphics2D;)V
J  ihm.GraphicView.updateView()V
j  ihm.GraphicView.main([Ljava/lang/String;)V+33
v  ~StubRoutines::call_stub

---------------  P R O C E S S  ---------------

Java Threads: ( => current thread )
  0x06c21000 JavaThread "D3D Screen Updater" daemon [_thread_in_native, id=4396, stack(0x06f50000,0x06fa0000)]
  0x01aec000 JavaThread "AWT-EventQueue-0" [_thread_blocked, id=5828, stack(0x06df0000,0x06e40000)]
  0x01ac5400 JavaThread "AWT-Windows" daemon [_thread_in_native, id=3896, stack(0x04130000,0x04180000)]
  0x01ac4c00 JavaThread "AWT-Shutdown" [_thread_blocked, id=2496, stack(0x040e0000,0x04130000)]
  0x01ac1400 JavaThread "Java2D Disposer" daemon [_thread_blocked, id=5840, stack(0x04090000,0x040e0000)]
  0x01a3d800 JavaThread "Low Memory Detector" daemon [_thread_blocked, id=5956, stack(0x03de0000,0x03e30000)]
  0x01a2e800 JavaThread "CompilerThread0" daemon [_thread_blocked, id=5764, stack(0x03d90000,0x03de0000)]
  0x01a2b800 JavaThread "Attach Listener" daemon [_thread_blocked, id=5944, stack(0x03d40000,0x03d90000)]
  0x01a28800 JavaThread "Signal Dispatcher" daemon [_thread_blocked, id=5732, stack(0x03cf0000,0x03d40000)]
  0x01a22000 JavaThread "Finalizer" daemon [_thread_blocked, id=5352, stack(0x03ca0000,0x03cf0000)]
  0x01a20c00 JavaThread "Reference Handler" daemon [_thread_blocked, id=4444, stack(0x03c50000,0x03ca0000)]
=>0x019e9000 JavaThread "main" [_thread_in_native, id=5716, stack(0x00340000,0x00390000)]

Other Threads:
  0x01a1f800 VMThread [stack: 0x03c00000,0x03c50000] [id=4452]
  0x01a47000 WatcherThread [stack: 0x03e30000,0x03e80000] [id=4368]

VM state:not at safepoint (normal execution)

VM Mutex/Monitor currently owned by a thread: None

Heap
 def new generation   total 4928K, used 1082K [0x23ba0000, 0x240f0000, 0x290f0000)
  eden space 4416K,  24% used [0x23ba0000, 0x23caeaa0, 0x23ff0000)
  from space 512K,   0% used [0x23ff0000, 0x23ff0108, 0x24070000)
  to   space 512K,   0% used [0x24070000, 0x24070000, 0x240f0000)
 tenured generation   total 10944K, used 377K [0x290f0000, 0x29ba0000, 0x33ba0000)
   the space 10944K,   3% used [0x290f0000, 0x2914e488, 0x2914e600, 0x29ba0000)
 compacting perm gen  total 12288K, used 192K [0x33ba0000, 0x347a0000, 0x37ba0000)
   the space 12288K,   1% used [0x33ba0000, 0x33bd03d8, 0x33bd0400, 0x347a0000)
    ro space 10240K,  51% used [0x37ba0000, 0x380cbaf8, 0x380cbc00, 0x385a0000)
    rw space 12288K,  54% used [0x385a0000, 0x38c376d8, 0x38c37800, 0x391a0000)

Dynamic libraries:
0x00400000 - 0x00424000 	C:\Program Files\Java\jre6\bin\javaw.exe
0x76ff0000 - 0x7712c000 	C:\Windows\SYSTEM32\ntdll.dll
0x76bc0000 - 0x76c94000 	C:\Windows\system32\kernel32.dll
0x752a0000 - 0x752ea000 	C:\Windows\system32\KERNELBASE.dll
0x76ca0000 - 0x76d40000 	C:\Windows\system32\ADVAPI32.dll
0x75540000 - 0x755ec000 	C:\Windows\system32\msvcrt.dll
0x77200000 - 0x77219000 	C:\Windows\SYSTEM32\sechost.dll
0x76e70000 - 0x76f11000 	C:\Windows\system32\RPCRT4.dll
0x76f20000 - 0x76fe9000 	C:\Windows\system32\USER32.dll
0x77140000 - 0x7718e000 	C:\Windows\system32\GDI32.dll
0x75440000 - 0x7544a000 	C:\Windows\system32\LPK.dll
0x769b0000 - 0x76a4d000 	C:\Windows\system32\USP10.dll
0x76e50000 - 0x76e6f000 	C:\Windows\system32\IMM32.DLL
0x76680000 - 0x7674c000 	C:\Windows\system32\MSCTF.dll
0x7c340000 - 0x7c396000 	C:\Program Files\Java\jre6\bin\msvcr71.dll
0x6d7f0000 - 0x6da97000 	C:\Program Files\Java\jre6\bin\client\jvm.dll
0x74320000 - 0x74352000 	C:\Windows\system32\WINMM.dll
0x75070000 - 0x750bb000 	C:\Windows\system32\apphelp.dll
0x6d7a0000 - 0x6d7ac000 	C:\Program Files\Java\jre6\bin\verify.dll
0x6d320000 - 0x6d33f000 	C:\Program Files\Java\jre6\bin\java.dll
0x6d280000 - 0x6d288000 	C:\Program Files\Java\jre6\bin\hpi.dll
0x77130000 - 0x77135000 	C:\Windows\system32\PSAPI.DLL
0x6d7e0000 - 0x6d7ef000 	C:\Program Files\Java\jre6\bin\zip.dll
0x6d000000 - 0x6d14a000 	C:\Program Files\Java\jre6\bin\awt.dll
0x6d620000 - 0x6d671000 	C:\Windows\system32\WINSPOOL.DRV
0x76750000 - 0x768ac000 	C:\Windows\system32\ole32.dll
0x737c0000 - 0x7395e000 	C:\Windows\WinSxS\x86_microsoft.windows.common-controls_6595b64144ccf1df_6.0.7600.16661_none_420fe3fa2b8113bd\COMCTL32.dll
0x75450000 - 0x754a7000 	C:\Windows\system32\SHLWAPI.dll
0x73e00000 - 0x73e13000 	C:\Windows\system32\DWMAPI.DLL
0x73e20000 - 0x73e60000 	C:\Windows\system32\uxtheme.dll
0x6d230000 - 0x6d27f000 	C:\Program Files\Java\jre6\bin\fontmanager.dll
0x750c0000 - 0x750cc000 	C:\Windows\system32\CRYPTBASE.dll
0x64030000 - 0x641f3000 	C:\Windows\system32\d3d9.dll
0x74600000 - 0x74609000 	C:\Windows\system32\VERSION.dll
0x6ca60000 - 0x6ca66000 	C:\Windows\system32\d3d8thk.dll
0x5f140000 - 0x5f8a5000 	C:\Windows\system32\nvd3dum.dll
0x73730000 - 0x73755000 	C:\Windows\system32\powrprof.dll
0x762e0000 - 0x7647d000 	C:\Windows\system32\SETUPAPI.dll
0x752f0000 - 0x75317000 	C:\Windows\system32\CFGMGR32.dll
0x754b0000 - 0x7553f000 	C:\Windows\system32\OLEAUT32.dll
0x75250000 - 0x75262000 	C:\Windows\system32\DEVOBJ.dll
0x75690000 - 0x762d9000 	C:\Windows\system32\shell32.dll
0x6c110000 - 0x6c116000 	C:\Program Files\BitDefender\BitDefender 2011\pchook32.dll
0x74410000 - 0x744b3000 	C:\Windows\WinSxS\x86_microsoft.vc90.crt_1fc8b3b9a1e18e3b_9.0.30729.4926_none_508ed732bcbc0e5a\MSVCR90.dll
0x75140000 - 0x7514b000 	C:\Windows\system32\profapi.dll
0x75050000 - 0x7506a000 	C:\Windows\system32\SspiCli.dll
0x755f0000 - 0x75673000 	C:\Windows\system32\CLBCatQ.DLL
0x6d1a0000 - 0x6d1c3000 	C:\Program Files\Java\jre6\bin\dcpr.dll

VM Arguments:
jvm_args: -Dfile.encoding=Cp1252 
java_command: ihm.GraphicView
Launcher Type: SUN_STANDARD

Environment Variables:
JAVA_HOME=C:\Program Files\Java\jdk1.6.0_22\
PATH=C:/Program Files/Java/jre6/bin/client;C:/Program Files/Java/jre6/bin;C:/Program Files/Java/jre6/lib/i386;C:\Program Files\Common Files\Microsoft Shared\Windows Live;C:\Ruby\bin;C:\Windows\system32;C:\Windows;C:\Windows\System32\Wbem;C:\Windows\System32\WindowsPowerShell\v1.0\;C:\Program Files\Intel\DMIX;C:\Program Files\Windows Live\Shared;C:\MinGW\bin;C:\msys\1.0\bin;C:\Program Files\Java\jdk1.6.0_22\bin;.
USERNAME=Furet
OS=Windows_NT
PROCESSOR_IDENTIFIER=x86 Family 6 Model 15 Stepping 11, GenuineIntel



---------------  S Y S T E M  ---------------

OS: Windows 7 Build 7600 

CPU:total 2 (2 cores per cpu, 1 threads per core) family 6 model 15 stepping 11, cmov, cx8, fxsr, mmx, sse, sse2, sse3, ssse3

Memory: 4k page, physical 2079024k(591644k free), swap 5781900k(872824k free)

vm_info: Java HotSpot(TM) Client VM (17.1-b03) for windows-x86 JRE (1.6.0_22-b04), built on Sep 15 2010 00:56:36 by "java_re" with MS VC++ 7.1 (VS2003)

time: Tue Dec 07 17:20:05 2010
elapsed time: 6647 seconds

