#
# A fatal error has been detected by the Java Runtime Environment:
#
#  EXCEPTION_ACCESS_VIOLATION (0xc0000005) at pc=0x00000258, pid=4876, tid=4900
#
# JRE version: 6.0_22-b04
# Java VM: Java HotSpot(TM) Client VM (17.1-b03 mixed mode, sharing windows-x86 )
# Problematic frame:
# C  0x00000258
#
# If you would like to submit a bug report, please visit:
#   http://java.sun.com/webapps/bugreport/crash.jsp
# The crash happened outside the Java Virtual Machine in native code.
# See problematic frame for where to report the bug.
#

---------------  T H R E A D  ---------------

Current thread (0x01349000):  JavaThread "main" [_thread_in_native, id=4900, stack(0x00160000,0x001b0000)]

siginfo: ExceptionCode=0xc0000005, reading address 0x00000258

Registers:
EAX=0x001afac0, EBX=0x01349118, ECX=0x001afa64, EDX=0x001afabc
ESP=0x001afa0c, EBP=0x00000001, ESI=0x01b11e08, EDI=0x01349000
EIP=0x00000258, EFLAGS=0x00010202

Top of Stack: (sp=0x001afa0c)
0x001afa0c:   6d064c04 01349118 01b11e08 00000004
0x001afa1c:   001afa64 001afac0 001afabc ff000000
0x001afa2c:   01349000 37cf31f0 387b7f20 001afa98
0x001afa3c:   01b39f47 01349118 001afac8 001afac4
0x001afa4c:   001afac0 001afabc ff000000 0000000e
0x001afa5c:   00000022 0000023c 00000001 0134962c
0x001afa6c:   01349630 01349638 0000001e 001afa78
0x001afa7c:   37cf31f0 001afac8 387b7438 00000000 

Instructions: (pc=0x00000258)
0x00000248:   
[error occurred during error reporting (printing registers, top of stack, instructions near pc), id 0xc0000005]

Stack: [0x00160000,0x001b0000],  sp=0x001afa0c,  free space=13e001aee9ck
Native frames: (J=compiled Java code, j=interpreted, Vv=VM code, C=native code)
C  0x00000258

Java frames: (J=compiled Java code, j=interpreted, Vv=VM code)
j  sun.java2d.windows.GDIRenderer.doFillRect(Lsun/java2d/SurfaceData;Lsun/java2d/pipe/Region;Ljava/awt/Composite;IIIII)V+0
j  sun.java2d.windows.GDIRenderer.doFillSpans(Lsun/java2d/SunGraphics2D;Lsun/java2d/pipe/SpanIterator;)V+67
j  sun.java2d.windows.GDIRenderer.draw(Lsun/java2d/SunGraphics2D;Ljava/awt/Shape;)V+39
J  sun.java2d.pipe.ValidatePipe.draw(Lsun/java2d/SunGraphics2D;Ljava/awt/Shape;)V
J  sun.java2d.SunGraphics2D.draw(Ljava/awt/Shape;)V
J  ihm.GraphicView.drawGrid(Ljava/awt/Graphics2D;)V
J  ihm.GraphicView.updateView()V
j  ihm.GraphicView.main([Ljava/lang/String;)V+33
v  ~StubRoutines::call_stub

---------------  P R O C E S S  ---------------

Java Threads: ( => current thread )
  0x06487400 JavaThread "D3D Screen Updater" daemon [_thread_in_native, id=4968, stack(0x06760000,0x067b0000)]
  0x01b2c800 JavaThread "AWT-EventQueue-0" [_thread_blocked, id=4964, stack(0x04260000,0x042b0000)]
  0x01afd000 JavaThread "AWT-Windows" daemon [_thread_in_native, id=4944, stack(0x04150000,0x041a0000)]
  0x01afc800 JavaThread "AWT-Shutdown" [_thread_blocked, id=4940, stack(0x04100000,0x04150000)]
  0x01af8000 JavaThread "Java2D Disposer" daemon [_thread_blocked, id=4936, stack(0x040b0000,0x04100000)]
  0x01a78800 JavaThread "Low Memory Detector" daemon [_thread_blocked, id=4928, stack(0x03dc0000,0x03e10000)]
  0x01a6c800 JavaThread "CompilerThread0" daemon [_thread_blocked, id=4924, stack(0x03d70000,0x03dc0000)]
  0x01a6b800 JavaThread "Attach Listener" daemon [_thread_blocked, id=4920, stack(0x03d20000,0x03d70000)]
  0x01a68800 JavaThread "Signal Dispatcher" daemon [_thread_blocked, id=4916, stack(0x03cd0000,0x03d20000)]
  0x01a65800 JavaThread "Finalizer" daemon [_thread_blocked, id=4912, stack(0x03c80000,0x03cd0000)]
  0x01a60c00 JavaThread "Reference Handler" daemon [_thread_blocked, id=4908, stack(0x03c30000,0x03c80000)]
=>0x01349000 JavaThread "main" [_thread_in_native, id=4900, stack(0x00160000,0x001b0000)]

Other Threads:
  0x01a5f800 VMThread [stack: 0x03be0000,0x03c30000] [id=4904]
  0x01a93c00 WatcherThread [stack: 0x03e10000,0x03e60000] [id=4932]

VM state:not at safepoint (normal execution)

VM Mutex/Monitor currently owned by a thread: None

Heap
 def new generation   total 4928K, used 2023K [0x23ba0000, 0x240f0000, 0x290f0000)
  eden space 4416K,  45% used [0x23ba0000, 0x23d99d30, 0x23ff0000)
  from space 512K,   0% used [0x23ff0000, 0x23ff0040, 0x24070000)
  to   space 512K,   0% used [0x24070000, 0x24070000, 0x240f0000)
 tenured generation   total 10944K, used 376K [0x290f0000, 0x29ba0000, 0x33ba0000)
   the space 10944K,   3% used [0x290f0000, 0x2914e098, 0x2914e200, 0x29ba0000)
 compacting perm gen  total 12288K, used 191K [0x33ba0000, 0x347a0000, 0x37ba0000)
   the space 12288K,   1% used [0x33ba0000, 0x33bcfc98, 0x33bcfe00, 0x347a0000)
    ro space 10240K,  51% used [0x37ba0000, 0x380cbaf8, 0x380cbc00, 0x385a0000)
    rw space 12288K,  54% used [0x385a0000, 0x38c376d8, 0x38c37800, 0x391a0000)

Dynamic libraries:
0x00400000 - 0x00424000 	C:\Program Files\Java\jre6\bin\javaw.exe
0x76ff0000 - 0x7712c000 	C:\Windows\SYSTEM32\ntdll.dll
0x76bc0000 - 0x76c94000 	C:\Windows\system32\kernel32.dll
0x752a0000 - 0x752ea000 	C:\Windows\system32\KERNELBASE.dll
0x76ca0000 - 0x76d40000 	C:\Windows\system32\ADVAPI32.dll
0x75540000 - 0x755ec000 	C:\Windows\system32\msvcrt.dll
0x77200000 - 0x77219000 	C:\Windows\SYSTEM32\sechost.dll
0x76e70000 - 0x76f11000 	C:\Windows\system32\RPCRT4.dll
0x76f20000 - 0x76fe9000 	C:\Windows\system32\USER32.dll
0x77140000 - 0x7718e000 	C:\Windows\system32\GDI32.dll
0x75440000 - 0x7544a000 	C:\Windows\system32\LPK.dll
0x769b0000 - 0x76a4d000 	C:\Windows\system32\USP10.dll
0x76e50000 - 0x76e6f000 	C:\Windows\system32\IMM32.DLL
0x76680000 - 0x7674c000 	C:\Windows\system32\MSCTF.dll
0x7c340000 - 0x7c396000 	C:\Program Files\Java\jre6\bin\msvcr71.dll
0x6d7f0000 - 0x6da97000 	C:\Program Files\Java\jre6\bin\client\jvm.dll
0x74320000 - 0x74352000 	C:\Windows\system32\WINMM.dll
0x75070000 - 0x750bb000 	C:\Windows\system32\apphelp.dll
0x6d7a0000 - 0x6d7ac000 	C:\Program Files\Java\jre6\bin\verify.dll
0x6d320000 - 0x6d33f000 	C:\Program Files\Java\jre6\bin\java.dll
0x6d280000 - 0x6d288000 	C:\Program Files\Java\jre6\bin\hpi.dll
0x77130000 - 0x77135000 	C:\Windows\system32\PSAPI.DLL
0x6d7e0000 - 0x6d7ef000 	C:\Program Files\Java\jre6\bin\zip.dll
0x6d000000 - 0x6d14a000 	C:\Program Files\Java\jre6\bin\awt.dll
0x6d620000 - 0x6d671000 	C:\Windows\system32\WINSPOOL.DRV
0x76750000 - 0x768ac000 	C:\Windows\system32\ole32.dll
0x737c0000 - 0x7395e000 	C:\Windows\WinSxS\x86_microsoft.windows.common-controls_6595b64144ccf1df_6.0.7600.16661_none_420fe3fa2b8113bd\COMCTL32.dll
0x75450000 - 0x754a7000 	C:\Windows\system32\SHLWAPI.dll
0x73e00000 - 0x73e13000 	C:\Windows\system32\DWMAPI.DLL
0x73e20000 - 0x73e60000 	C:\Windows\system32\uxtheme.dll
0x6d230000 - 0x6d27f000 	C:\Program Files\Java\jre6\bin\fontmanager.dll
0x750c0000 - 0x750cc000 	C:\Windows\system32\CRYPTBASE.dll
0x64030000 - 0x641f3000 	C:\Windows\system32\d3d9.dll
0x74600000 - 0x74609000 	C:\Windows\system32\VERSION.dll
0x6ca60000 - 0x6ca66000 	C:\Windows\system32\d3d8thk.dll
0x5f140000 - 0x5f8a5000 	C:\Windows\system32\nvd3dum.dll
0x73730000 - 0x73755000 	C:\Windows\system32\powrprof.dll
0x762e0000 - 0x7647d000 	C:\Windows\system32\SETUPAPI.dll
0x752f0000 - 0x75317000 	C:\Windows\system32\CFGMGR32.dll
0x754b0000 - 0x7553f000 	C:\Windows\system32\OLEAUT32.dll
0x75250000 - 0x75262000 	C:\Windows\system32\DEVOBJ.dll
0x75690000 - 0x762d9000 	C:\Windows\system32\shell32.dll
0x6c110000 - 0x6c116000 	C:\Program Files\BitDefender\BitDefender 2011\pchook32.dll
0x74410000 - 0x744b3000 	C:\Windows\WinSxS\x86_microsoft.vc90.crt_1fc8b3b9a1e18e3b_9.0.30729.4926_none_508ed732bcbc0e5a\MSVCR90.dll
0x75140000 - 0x7514b000 	C:\Windows\system32\profapi.dll
0x75050000 - 0x7506a000 	C:\Windows\system32\SspiCli.dll
0x755f0000 - 0x75673000 	C:\Windows\system32\CLBCatQ.DLL
0x6d1a0000 - 0x6d1c3000 	C:\Program Files\Java\jre6\bin\dcpr.dll

VM Arguments:
jvm_args: -Dfile.encoding=Cp1252 
java_command: ihm.GraphicView
Launcher Type: SUN_STANDARD

Environment Variables:
JAVA_HOME=C:\Program Files\Java\jdk1.6.0_22\
PATH=C:/Program Files/Java/jre6/bin/client;C:/Program Files/Java/jre6/bin;C:/Program Files/Java/jre6/lib/i386;C:\Program Files\Common Files\Microsoft Shared\Windows Live;C:\Ruby\bin;C:\Windows\system32;C:\Windows;C:\Windows\System32\Wbem;C:\Windows\System32\WindowsPowerShell\v1.0\;C:\Program Files\Intel\DMIX;C:\Program Files\Windows Live\Shared;C:\MinGW\bin;C:\msys\1.0\bin;C:\Program Files\Java\jdk1.6.0_22\bin;.
USERNAME=Furet
OS=Windows_NT
PROCESSOR_IDENTIFIER=x86 Family 6 Model 15 Stepping 11, GenuineIntel



---------------  S Y S T E M  ---------------

OS: Windows 7 Build 7600 

CPU:total 2 (2 cores per cpu, 1 threads per core) family 6 model 15 stepping 11, cmov, cx8, fxsr, mmx, sse, sse2, sse3, ssse3

Memory: 4k page, physical 2079024k(591008k free), swap 5781900k(872312k free)

vm_info: Java HotSpot(TM) Client VM (17.1-b03) for windows-x86 JRE (1.6.0_22-b04), built on Sep 15 2010 00:56:36 by "java_re" with MS VC++ 7.1 (VS2003)

time: Tue Dec 07 17:20:05 2010
elapsed time: 7598 seconds

